This is pdfTeX, Version 3.141592653-2.6-1.40.22 (MiKTeX 21.6 Portable) (preloaded format=pdflatex 2021.6.15)  25 MAY 2022 14:40
entering extended mode
**./frame-01.tex
(frame-01.tex
LaTeX2e <2021-06-01>
L3 programming layer <2021-06-01>
(A:\OneDrive\Programs\Windows\Office\miktex\texmfs\install\tex/latex/koma-scrip
t\scrreprt.cls
Document Class: scrreprt 2022/05/01 v3.36 KOMA-Script document class (report)

(A:\OneDrive\Programs\Windows\Office\miktex\texmfs\install\tex/latex/koma-scrip
t\scrkbase.sty
Package: scrkbase 2022/05/01 v3.36 KOMA-Script package (KOMA-Script-dependent b
asics and keyval usage)

(A:\OneDrive\Programs\Windows\Office\miktex\texmfs\install\tex/latex/koma-scrip
t\scrbase.sty
Package: scrbase 2022/05/01 v3.36 KOMA-Script package (KOMA-Script-independent 
basics and keyval usage)

(A:\OneDrive\Programs\Windows\Office\miktex\texmfs\install\tex/latex/koma-scrip
t\scrlfile.sty
Package: scrlfile 2022/05/01 v3.36 KOMA-Script package (file load hooks)

(A:\OneDrive\Programs\Windows\Office\miktex\texmfs\install\tex/latex/koma-scrip
t\scrlfile-hook-3.34.sty
Package: scrlfile-hook-3.34 2022/05/01 v3.36 KOMA-Script package (using LaTeX h
ooks)

(A:\OneDrive\Programs\Windows\Office\miktex\texmfs\install\tex/latex/koma-scrip
t\scrlogo.sty
Package: scrlogo 2022/05/01 v3.36 KOMA-Script package (logo)
)))
(A:\OneDrive\Programs\Windows\Office\miktex\texmfs\install\tex/latex/graphics\k
eyval.sty
Package: keyval 2014/10/28 v1.15 key=value parser (DPC)
\KV@toks@=\toks16
)
Applying: [2021/05/01] Usage of raw or classic option list on input line 252.
Already applied: [0000/00/00] Usage of raw or classic option list on input line
 368.
))
(A:\OneDrive\Programs\Windows\Office\miktex\texmfs\install\tex/latex/koma-scrip
t\tocbasic.sty
Package: tocbasic 2022/05/01 v3.36 KOMA-Script package (handling toc-files)
\scr@dte@tocline@numberwidth=\skip47
\scr@dte@tocline@numbox=\box50
)
Package tocbasic Info: babel extension for `toc' omitted
(tocbasic)             because of missing \bbl@set@language on input line 137.
Class scrreprt Info: File `scrsize11pt.clo' used instead of
(scrreprt)           file `scrsize11.clo' to setup font sizes on input line 250
2.

(A:\OneDrive\Programs\Windows\Office\miktex\texmfs\install\tex/latex/koma-scrip
t\scrsize11pt.clo
File: scrsize11pt.clo 2022/05/01 v3.36 KOMA-Script font size class option (11pt
)
)
(A:\OneDrive\Programs\Windows\Office\miktex\texmfs\install\tex/latex/koma-scrip
t\typearea.sty
Package: typearea 2022/05/01 v3.36 KOMA-Script package (type area)
\ta@bcor=\skip48
\ta@div=\count182
\ta@hblk=\skip49
\ta@vblk=\skip50
\ta@temp=\skip51
\footheight=\skip52
Package typearea Info: These are the values describing the layout:
(typearea)             DIV  = 10
(typearea)             BCOR = 0.0pt
(typearea)             \paperwidth      = 597.50793pt
(typearea)              \textwidth      = 418.25555pt
(typearea)              DIV departure   = -6%
(typearea)              \evensidemargin = 17.3562pt
(typearea)              \oddsidemargin  = 17.3562pt
(typearea)             \paperheight     = 845.04694pt
(typearea)              \textheight     = 595.80026pt
(typearea)              \topmargin      = -25.16531pt
(typearea)              \headheight     = 17.0pt
(typearea)              \headsep        = 20.40001pt
(typearea)              \topskip        = 11.0pt
(typearea)              \footskip       = 47.6pt
(typearea)              \baselineskip   = 13.6pt
(typearea)              on input line 1744.
)
\c@part=\count183
\c@chapter=\count184
\c@section=\count185
\c@subsection=\count186
\c@subsubsection=\count187
\c@paragraph=\count188
\c@subparagraph=\count189
\scr@dte@chapter@maxnumwidth=\skip53
Class scrreprt Info: using compatibility default `afterindent=bysign'
(scrreprt)           for `\chapter on input line 5741.
\scr@dte@section@maxnumwidth=\skip54
Class scrreprt Info: using compatibility default `runin=bysign'
(scrreprt)           for `\section on input line 5752.
Class scrreprt Info: using compatibility default `afterindent=bysign'
(scrreprt)           for `\section on input line 5752.
\scr@dte@part@maxnumwidth=\skip55
Class scrreprt Info: using compatibility default `afterindent=true'
(scrreprt)           for `\part on input line 5761.
\scr@dte@subsection@maxnumwidth=\skip56
Class scrreprt Info: using compatibility default `runin=bysign'
(scrreprt)           for `\subsection on input line 5771.
Class scrreprt Info: using compatibility default `afterindent=bysign'
(scrreprt)           for `\subsection on input line 5771.
\scr@dte@subsubsection@maxnumwidth=\skip57
Class scrreprt Info: using compatibility default `runin=bysign'
(scrreprt)           for `\subsubsection on input line 5781.
Class scrreprt Info: using compatibility default `afterindent=bysign'
(scrreprt)           for `\subsubsection on input line 5781.
\scr@dte@paragraph@maxnumwidth=\skip58
Class scrreprt Info: using compatibility default `runin=bysign'
(scrreprt)           for `\paragraph on input line 5792.
Class scrreprt Info: using compatibility default `afterindent=bysign'
(scrreprt)           for `\paragraph on input line 5792.
\scr@dte@subparagraph@maxnumwidth=\skip59
Class scrreprt Info: using compatibility default `runin=bysign'
(scrreprt)           for `\subparagraph on input line 5802.
Class scrreprt Info: using compatibility default `afterindent=bysign'
(scrreprt)           for `\subparagraph on input line 5802.
\abovecaptionskip=\skip60
\belowcaptionskip=\skip61
\c@pti@nb@sid@b@x=\box51
Package tocbasic Info: babel extension for `lof' omitted
(tocbasic)             because of missing \bbl@set@language on input line 6965.

\scr@dte@figure@maxnumwidth=\skip62
\c@figure=\count190
Package tocbasic Info: babel extension for `lot' omitted
(tocbasic)             because of missing \bbl@set@language on input line 6982.

\scr@dte@table@maxnumwidth=\skip63
\c@table=\count191
Class scrreprt Info: Redefining `\numberline' on input line 7153.
\bibindent=\dimen138
)
(A:\OneDrive\Programs\Windows\Office\miktex\texmfs\install\tex/latex/stanli\sta
nli.sty
Package: stanli 

(A:\OneDrive\Programs\Windows\Office\miktex\texmfs\install\tex/latex/base\ifthe
n.sty
Package: ifthen 2020/11/24 v1.1c Standard LaTeX ifthen package (DPC)
)
(A:\OneDrive\Programs\Windows\Office\miktex\texmfs\install\tex/latex/pgf/fronte
ndlayer\tikz.sty
(A:\OneDrive\Programs\Windows\Office\miktex\texmfs\install\tex/latex/pgf/basicl
ayer\pgf.sty
(A:\OneDrive\Programs\Windows\Office\miktex\texmfs\install\tex/latex/pgf/utilit
ies\pgfrcs.sty
(A:\OneDrive\Programs\Windows\Office\miktex\texmfs\install\tex/generic/pgf/util
ities\pgfutil-common.tex
\pgfutil@everybye=\toks17
\pgfutil@tempdima=\dimen139
\pgfutil@tempdimb=\dimen140

(A:\OneDrive\Programs\Windows\Office\miktex\texmfs\install\tex/generic/pgf/util
ities\pgfutil-common-lists.tex))
(A:\OneDrive\Programs\Windows\Office\miktex\texmfs\install\tex/generic/pgf/util
ities\pgfutil-latex.def
\pgfutil@abb=\box52
)
(A:\OneDrive\Programs\Windows\Office\miktex\texmfs\install\tex/generic/pgf/util
ities\pgfrcs.code.tex
(A:\OneDrive\Programs\Windows\Office\miktex\texmfs\install\tex/generic/pgf\pgf.
revision.tex)
Package: pgfrcs 2021/05/15 v3.1.9a (3.1.9a)
))
Package: pgf 2021/05/15 v3.1.9a (3.1.9a)

(A:\OneDrive\Programs\Windows\Office\miktex\texmfs\install\tex/latex/pgf/basicl
ayer\pgfcore.sty
(A:\OneDrive\Programs\Windows\Office\miktex\texmfs\install\tex/latex/graphics\g
raphicx.sty
Package: graphicx 2020/12/05 v1.2c Enhanced LaTeX Graphics (DPC,SPQR)

(A:\OneDrive\Programs\Windows\Office\miktex\texmfs\install\tex/latex/graphics\g
raphics.sty
Package: graphics 2021/03/04 v1.4d Standard LaTeX Graphics (DPC,SPQR)

(A:\OneDrive\Programs\Windows\Office\miktex\texmfs\install\tex/latex/graphics\t
rig.sty
Package: trig 2016/01/03 v1.10 sin cos tan (DPC)
)
(A:\OneDrive\Programs\Windows\Office\miktex\texmfs\install\tex/latex/graphics-c
fg\graphics.cfg
File: graphics.cfg 2016/06/04 v1.11 sample graphics configuration
)
Package graphics Info: Driver file: pdftex.def on input line 107.

(A:\OneDrive\Programs\Windows\Office\miktex\texmfs\install\tex/latex/graphics-d
ef\pdftex.def
File: pdftex.def 2020/10/05 v1.2a Graphics/color driver for pdftex
))
\Gin@req@height=\dimen141
\Gin@req@width=\dimen142
)
(A:\OneDrive\Programs\Windows\Office\miktex\texmfs\install\tex/latex/pgf/system
layer\pgfsys.sty
(A:\OneDrive\Programs\Windows\Office\miktex\texmfs\install\tex/generic/pgf/syst
emlayer\pgfsys.code.tex
Package: pgfsys 2021/05/15 v3.1.9a (3.1.9a)

(A:\OneDrive\Programs\Windows\Office\miktex\texmfs\install\tex/generic/pgf/util
ities\pgfkeys.code.tex
\pgfkeys@pathtoks=\toks18
\pgfkeys@temptoks=\toks19

(A:\OneDrive\Programs\Windows\Office\miktex\texmfs\install\tex/generic/pgf/util
ities\pgfkeysfiltered.code.tex
\pgfkeys@tmptoks=\toks20
))
\pgf@x=\dimen143
\pgf@y=\dimen144
\pgf@xa=\dimen145
\pgf@ya=\dimen146
\pgf@xb=\dimen147
\pgf@yb=\dimen148
\pgf@xc=\dimen149
\pgf@yc=\dimen150
\pgf@xd=\dimen151
\pgf@yd=\dimen152
\w@pgf@writea=\write3
\r@pgf@reada=\read2
\c@pgf@counta=\count192
\c@pgf@countb=\count193
\c@pgf@countc=\count194
\c@pgf@countd=\count195
\t@pgf@toka=\toks21
\t@pgf@tokb=\toks22
\t@pgf@tokc=\toks23
\pgf@sys@id@count=\count196

(A:\OneDrive\Programs\Windows\Office\miktex\texmfs\install\tex/generic/pgf/syst
emlayer\pgf.cfg
File: pgf.cfg 2021/05/15 v3.1.9a (3.1.9a)
)
Driver file for pgf: pgfsys-pdftex.def

(A:\OneDrive\Programs\Windows\Office\miktex\texmfs\install\tex/generic/pgf/syst
emlayer\pgfsys-pdftex.def
File: pgfsys-pdftex.def 2021/05/15 v3.1.9a (3.1.9a)

(A:\OneDrive\Programs\Windows\Office\miktex\texmfs\install\tex/generic/pgf/syst
emlayer\pgfsys-common-pdf.def
File: pgfsys-common-pdf.def 2021/05/15 v3.1.9a (3.1.9a)
)))
(A:\OneDrive\Programs\Windows\Office\miktex\texmfs\install\tex/generic/pgf/syst
emlayer\pgfsyssoftpath.code.tex
File: pgfsyssoftpath.code.tex 2021/05/15 v3.1.9a (3.1.9a)
\pgfsyssoftpath@smallbuffer@items=\count197
\pgfsyssoftpath@bigbuffer@items=\count198
)
(A:\OneDrive\Programs\Windows\Office\miktex\texmfs\install\tex/generic/pgf/syst
emlayer\pgfsysprotocol.code.tex
File: pgfsysprotocol.code.tex 2021/05/15 v3.1.9a (3.1.9a)
))
(A:\OneDrive\Programs\Windows\Office\miktex\texmfs\install\tex/latex/xcolor\xco
lor.sty
Package: xcolor 2016/05/11 v2.12 LaTeX color extensions (UK)

(A:\OneDrive\Programs\Windows\Office\miktex\texmfs\install\tex/latex/graphics-c
fg\color.cfg
File: color.cfg 2016/01/02 v1.6 sample color configuration
)
Package xcolor Info: Driver file: pdftex.def on input line 225.
Package xcolor Info: Model `cmy' substituted by `cmy0' on input line 1348.
Package xcolor Info: Model `hsb' substituted by `rgb' on input line 1352.
Package xcolor Info: Model `RGB' extended on input line 1364.
Package xcolor Info: Model `HTML' substituted by `rgb' on input line 1366.
Package xcolor Info: Model `Hsb' substituted by `hsb' on input line 1367.
Package xcolor Info: Model `tHsb' substituted by `hsb' on input line 1368.
Package xcolor Info: Model `HSB' substituted by `hsb' on input line 1369.
Package xcolor Info: Model `Gray' substituted by `gray' on input line 1370.
Package xcolor Info: Model `wave' substituted by `hsb' on input line 1371.
)
(A:\OneDrive\Programs\Windows\Office\miktex\texmfs\install\tex/generic/pgf/basi
clayer\pgfcore.code.tex
Package: pgfcore 2021/05/15 v3.1.9a (3.1.9a)

(A:\OneDrive\Programs\Windows\Office\miktex\texmfs\install\tex/generic/pgf/math
\pgfmath.code.tex
(A:\OneDrive\Programs\Windows\Office\miktex\texmfs\install\tex/generic/pgf/math
\pgfmathcalc.code.tex
(A:\OneDrive\Programs\Windows\Office\miktex\texmfs\install\tex/generic/pgf/math
\pgfmathutil.code.tex)
(A:\OneDrive\Programs\Windows\Office\miktex\texmfs\install\tex/generic/pgf/math
\pgfmathparser.code.tex
\pgfmath@dimen=\dimen153
\pgfmath@count=\count199
\pgfmath@box=\box53
\pgfmath@toks=\toks24
\pgfmath@stack@operand=\toks25
\pgfmath@stack@operation=\toks26
)
(A:\OneDrive\Programs\Windows\Office\miktex\texmfs\install\tex/generic/pgf/math
\pgfmathfunctions.code.tex
(A:\OneDrive\Programs\Windows\Office\miktex\texmfs\install\tex/generic/pgf/math
\pgfmathfunctions.basic.code.tex)
(A:\OneDrive\Programs\Windows\Office\miktex\texmfs\install\tex/generic/pgf/math
\pgfmathfunctions.trigonometric.code.tex)
(A:\OneDrive\Programs\Windows\Office\miktex\texmfs\install\tex/generic/pgf/math
\pgfmathfunctions.random.code.tex)
(A:\OneDrive\Programs\Windows\Office\miktex\texmfs\install\tex/generic/pgf/math
\pgfmathfunctions.comparison.code.tex)
(A:\OneDrive\Programs\Windows\Office\miktex\texmfs\install\tex/generic/pgf/math
\pgfmathfunctions.base.code.tex)
(A:\OneDrive\Programs\Windows\Office\miktex\texmfs\install\tex/generic/pgf/math
\pgfmathfunctions.round.code.tex)
(A:\OneDrive\Programs\Windows\Office\miktex\texmfs\install\tex/generic/pgf/math
\pgfmathfunctions.misc.code.tex)
(A:\OneDrive\Programs\Windows\Office\miktex\texmfs\install\tex/generic/pgf/math
\pgfmathfunctions.integerarithmetics.code.tex)))
(A:\OneDrive\Programs\Windows\Office\miktex\texmfs\install\tex/generic/pgf/math
\pgfmathfloat.code.tex
\c@pgfmathroundto@lastzeros=\count266
))
(A:\OneDrive\Programs\Windows\Office\miktex\texmfs\install\tex/generic/pgf/math
\pgfint.code.tex)
(A:\OneDrive\Programs\Windows\Office\miktex\texmfs\install\tex/generic/pgf/basi
clayer\pgfcorepoints.code.tex
File: pgfcorepoints.code.tex 2021/05/15 v3.1.9a (3.1.9a)
\pgf@picminx=\dimen154
\pgf@picmaxx=\dimen155
\pgf@picminy=\dimen156
\pgf@picmaxy=\dimen157
\pgf@pathminx=\dimen158
\pgf@pathmaxx=\dimen159
\pgf@pathminy=\dimen160
\pgf@pathmaxy=\dimen161
\pgf@xx=\dimen162
\pgf@xy=\dimen163
\pgf@yx=\dimen164
\pgf@yy=\dimen165
\pgf@zx=\dimen166
\pgf@zy=\dimen167
)
(A:\OneDrive\Programs\Windows\Office\miktex\texmfs\install\tex/generic/pgf/basi
clayer\pgfcorepathconstruct.code.tex
File: pgfcorepathconstruct.code.tex 2021/05/15 v3.1.9a (3.1.9a)
\pgf@path@lastx=\dimen168
\pgf@path@lasty=\dimen169
)
(A:\OneDrive\Programs\Windows\Office\miktex\texmfs\install\tex/generic/pgf/basi
clayer\pgfcorepathusage.code.tex
File: pgfcorepathusage.code.tex 2021/05/15 v3.1.9a (3.1.9a)
\pgf@shorten@end@additional=\dimen170
\pgf@shorten@start@additional=\dimen171
)
(A:\OneDrive\Programs\Windows\Office\miktex\texmfs\install\tex/generic/pgf/basi
clayer\pgfcorescopes.code.tex
File: pgfcorescopes.code.tex 2021/05/15 v3.1.9a (3.1.9a)
\pgfpic=\box54
\pgf@hbox=\box55
\pgf@layerbox@main=\box56
\pgf@picture@serial@count=\count267
)
(A:\OneDrive\Programs\Windows\Office\miktex\texmfs\install\tex/generic/pgf/basi
clayer\pgfcoregraphicstate.code.tex
File: pgfcoregraphicstate.code.tex 2021/05/15 v3.1.9a (3.1.9a)
\pgflinewidth=\dimen172
)
(A:\OneDrive\Programs\Windows\Office\miktex\texmfs\install\tex/generic/pgf/basi
clayer\pgfcoretransformations.code.tex
File: pgfcoretransformations.code.tex 2021/05/15 v3.1.9a (3.1.9a)
\pgf@pt@x=\dimen173
\pgf@pt@y=\dimen174
\pgf@pt@temp=\dimen175
)
(A:\OneDrive\Programs\Windows\Office\miktex\texmfs\install\tex/generic/pgf/basi
clayer\pgfcorequick.code.tex
File: pgfcorequick.code.tex 2021/05/15 v3.1.9a (3.1.9a)
)
(A:\OneDrive\Programs\Windows\Office\miktex\texmfs\install\tex/generic/pgf/basi
clayer\pgfcoreobjects.code.tex
File: pgfcoreobjects.code.tex 2021/05/15 v3.1.9a (3.1.9a)
)
(A:\OneDrive\Programs\Windows\Office\miktex\texmfs\install\tex/generic/pgf/basi
clayer\pgfcorepathprocessing.code.tex
File: pgfcorepathprocessing.code.tex 2021/05/15 v3.1.9a (3.1.9a)
)
(A:\OneDrive\Programs\Windows\Office\miktex\texmfs\install\tex/generic/pgf/basi
clayer\pgfcorearrows.code.tex
File: pgfcorearrows.code.tex 2021/05/15 v3.1.9a (3.1.9a)
\pgfarrowsep=\dimen176
)
(A:\OneDrive\Programs\Windows\Office\miktex\texmfs\install\tex/generic/pgf/basi
clayer\pgfcoreshade.code.tex
File: pgfcoreshade.code.tex 2021/05/15 v3.1.9a (3.1.9a)
\pgf@max=\dimen177
\pgf@sys@shading@range@num=\count268
\pgf@shadingcount=\count269
)
(A:\OneDrive\Programs\Windows\Office\miktex\texmfs\install\tex/generic/pgf/basi
clayer\pgfcoreimage.code.tex
File: pgfcoreimage.code.tex 2021/05/15 v3.1.9a (3.1.9a)

(A:\OneDrive\Programs\Windows\Office\miktex\texmfs\install\tex/generic/pgf/basi
clayer\pgfcoreexternal.code.tex
File: pgfcoreexternal.code.tex 2021/05/15 v3.1.9a (3.1.9a)
\pgfexternal@startupbox=\box57
))
(A:\OneDrive\Programs\Windows\Office\miktex\texmfs\install\tex/generic/pgf/basi
clayer\pgfcorelayers.code.tex
File: pgfcorelayers.code.tex 2021/05/15 v3.1.9a (3.1.9a)
)
(A:\OneDrive\Programs\Windows\Office\miktex\texmfs\install\tex/generic/pgf/basi
clayer\pgfcoretransparency.code.tex
File: pgfcoretransparency.code.tex 2021/05/15 v3.1.9a (3.1.9a)
)
(A:\OneDrive\Programs\Windows\Office\miktex\texmfs\install\tex/generic/pgf/basi
clayer\pgfcorepatterns.code.tex
File: pgfcorepatterns.code.tex 2021/05/15 v3.1.9a (3.1.9a)
)
(A:\OneDrive\Programs\Windows\Office\miktex\texmfs\install\tex/generic/pgf/basi
clayer\pgfcorerdf.code.tex
File: pgfcorerdf.code.tex 2021/05/15 v3.1.9a (3.1.9a)
)))
(A:\OneDrive\Programs\Windows\Office\miktex\texmfs\install\tex/generic/pgf/modu
les\pgfmoduleshapes.code.tex
File: pgfmoduleshapes.code.tex 2021/05/15 v3.1.9a (3.1.9a)
\pgfnodeparttextbox=\box58
)
(A:\OneDrive\Programs\Windows\Office\miktex\texmfs\install\tex/generic/pgf/modu
les\pgfmoduleplot.code.tex
File: pgfmoduleplot.code.tex 2021/05/15 v3.1.9a (3.1.9a)
)
(A:\OneDrive\Programs\Windows\Office\miktex\texmfs\install\tex/latex/pgf/compat
ibility\pgfcomp-version-0-65.sty
Package: pgfcomp-version-0-65 2021/05/15 v3.1.9a (3.1.9a)
\pgf@nodesepstart=\dimen178
\pgf@nodesepend=\dimen179
)
(A:\OneDrive\Programs\Windows\Office\miktex\texmfs\install\tex/latex/pgf/compat
ibility\pgfcomp-version-1-18.sty
Package: pgfcomp-version-1-18 2021/05/15 v3.1.9a (3.1.9a)
))
(A:\OneDrive\Programs\Windows\Office\miktex\texmfs\install\tex/latex/pgf/utilit
ies\pgffor.sty
(A:\OneDrive\Programs\Windows\Office\miktex\texmfs\install\tex/latex/pgf/utilit
ies\pgfkeys.sty
(A:\OneDrive\Programs\Windows\Office\miktex\texmfs\install\tex/generic/pgf/util
ities\pgfkeys.code.tex))
(A:\OneDrive\Programs\Windows\Office\miktex\texmfs\install\tex/latex/pgf/math\p
gfmath.sty
(A:\OneDrive\Programs\Windows\Office\miktex\texmfs\install\tex/generic/pgf/math
\pgfmath.code.tex))
(A:\OneDrive\Programs\Windows\Office\miktex\texmfs\install\tex/generic/pgf/util
ities\pgffor.code.tex
Package: pgffor 2021/05/15 v3.1.9a (3.1.9a)

(A:\OneDrive\Programs\Windows\Office\miktex\texmfs\install\tex/generic/pgf/math
\pgfmath.code.tex)
\pgffor@iter=\dimen180
\pgffor@skip=\dimen181
\pgffor@stack=\toks27
\pgffor@toks=\toks28
))
(A:\OneDrive\Programs\Windows\Office\miktex\texmfs\install\tex/generic/pgf/fron
tendlayer/tikz\tikz.code.tex
Package: tikz 2021/05/15 v3.1.9a (3.1.9a)

(A:\OneDrive\Programs\Windows\Office\miktex\texmfs\install\tex/generic/pgf/libr
aries\pgflibraryplothandlers.code.tex
File: pgflibraryplothandlers.code.tex 2021/05/15 v3.1.9a (3.1.9a)
\pgf@plot@mark@count=\count270
\pgfplotmarksize=\dimen182
)
\tikz@lastx=\dimen183
\tikz@lasty=\dimen184
\tikz@lastxsaved=\dimen185
\tikz@lastysaved=\dimen186
\tikz@lastmovetox=\dimen187
\tikz@lastmovetoy=\dimen188
\tikzleveldistance=\dimen189
\tikzsiblingdistance=\dimen190
\tikz@figbox=\box59
\tikz@figbox@bg=\box60
\tikz@tempbox=\box61
\tikz@tempbox@bg=\box62
\tikztreelevel=\count271
\tikznumberofchildren=\count272
\tikznumberofcurrentchild=\count273
\tikz@fig@count=\count274

(A:\OneDrive\Programs\Windows\Office\miktex\texmfs\install\tex/generic/pgf/modu
les\pgfmodulematrix.code.tex
File: pgfmodulematrix.code.tex 2021/05/15 v3.1.9a (3.1.9a)
\pgfmatrixcurrentrow=\count275
\pgfmatrixcurrentcolumn=\count276
\pgf@matrix@numberofcolumns=\count277
)
\tikz@expandcount=\count278

(A:\OneDrive\Programs\Windows\Office\miktex\texmfs\install\tex/generic/pgf/fron
tendlayer/tikz/libraries\tikzlibrarytopaths.code.tex
File: tikzlibrarytopaths.code.tex 2021/05/15 v3.1.9a (3.1.9a)
)))
(A:\OneDrive\Programs\Windows\Office\miktex\texmfs\install\tex/latex/xargs\xarg
s.sty
Package: xargs 2008/03/22 v1.1  extended macro definitions  (mpg)

(A:\OneDrive\Programs\Windows\Office\miktex\texmfs\install\tex/latex/xkeyval\xk
eyval.sty
Package: xkeyval 2020/11/20 v2.8 package option processing (HA)

(A:\OneDrive\Programs\Windows\Office\miktex\texmfs\install\tex/generic/xkeyval\
xkeyval.tex
(A:\OneDrive\Programs\Windows\Office\miktex\texmfs\install\tex/generic/xkeyval\
xkvutils.tex
\XKV@toks=\toks29
\XKV@tempa@toks=\toks30
)
\XKV@depth=\count279
File: xkeyval.tex 2014/12/03 v2.7a key=value parser (HA)
))
\xargs@max=\count280
\xargs@toksa=\toks31
\xargs@toksb=\toks32
)
(A:\OneDrive\Programs\Windows\Office\miktex\texmfs\install\tex/generic/pgf/fron
tendlayer/tikz/libraries\tikzlibraryshapes.code.tex
File: tikzlibraryshapes.code.tex 2021/05/15 v3.1.9a (3.1.9a)

(A:\OneDrive\Programs\Windows\Office\miktex\texmfs\install\tex/generic/pgf/fron
tendlayer/tikz/libraries\tikzlibraryshapes.geometric.code.tex
File: tikzlibraryshapes.geometric.code.tex 2021/05/15 v3.1.9a (3.1.9a)

(A:\OneDrive\Programs\Windows\Office\miktex\texmfs\install\tex/generic/pgf/libr
aries/shapes\pgflibraryshapes.geometric.code.tex
File: pgflibraryshapes.geometric.code.tex 2021/05/15 v3.1.9a (3.1.9a)
))
(A:\OneDrive\Programs\Windows\Office\miktex\texmfs\install\tex/generic/pgf/fron
tendlayer/tikz/libraries\tikzlibraryshapes.misc.code.tex
File: tikzlibraryshapes.misc.code.tex 2021/05/15 v3.1.9a (3.1.9a)

(A:\OneDrive\Programs\Windows\Office\miktex\texmfs\install\tex/generic/pgf/libr
aries/shapes\pgflibraryshapes.misc.code.tex
File: pgflibraryshapes.misc.code.tex 2021/05/15 v3.1.9a (3.1.9a)
))
(A:\OneDrive\Programs\Windows\Office\miktex\texmfs\install\tex/generic/pgf/fron
tendlayer/tikz/libraries\tikzlibraryshapes.symbols.code.tex
File: tikzlibraryshapes.symbols.code.tex 2021/05/15 v3.1.9a (3.1.9a)

(A:\OneDrive\Programs\Windows\Office\miktex\texmfs\install\tex/generic/pgf/libr
aries/shapes\pgflibraryshapes.symbols.code.tex
File: pgflibraryshapes.symbols.code.tex 2021/05/15 v3.1.9a (3.1.9a)
))
(A:\OneDrive\Programs\Windows\Office\miktex\texmfs\install\tex/generic/pgf/fron
tendlayer/tikz/libraries\tikzlibraryshapes.arrows.code.tex
File: tikzlibraryshapes.arrows.code.tex 2021/05/15 v3.1.9a (3.1.9a)

(A:\OneDrive\Programs\Windows\Office\miktex\texmfs\install\tex/generic/pgf/libr
aries/shapes\pgflibraryshapes.arrows.code.tex
File: pgflibraryshapes.arrows.code.tex 2021/05/15 v3.1.9a (3.1.9a)
))
(A:\OneDrive\Programs\Windows\Office\miktex\texmfs\install\tex/generic/pgf/fron
tendlayer/tikz/libraries\tikzlibraryshapes.callouts.code.tex
(A:\OneDrive\Programs\Windows\Office\miktex\texmfs\install\tex/generic/pgf/libr
aries/shapes\pgflibraryshapes.callouts.code.tex))
(A:\OneDrive\Programs\Windows\Office\miktex\texmfs\install\tex/generic/pgf/fron
tendlayer/tikz/libraries\tikzlibraryshapes.multipart.code.tex
File: tikzlibraryshapes.multipart.code.tex 2021/05/15 v3.1.9a (3.1.9a)

(A:\OneDrive\Programs\Windows\Office\miktex\texmfs\install\tex/generic/pgf/libr
aries/shapes\pgflibraryshapes.multipart.code.tex
File: pgflibraryshapes.multipart.code.tex 2021/05/15 v3.1.9a (3.1.9a)
\pgfnodepartlowerbox=\box63
\pgfnodeparttwobox=\box64
\pgfnodepartthreebox=\box65
\pgfnodepartfourbox=\box66
\pgfnodeparttwentybox=\box67
\pgfnodepartnineteenbox=\box68
\pgfnodeparteighteenbox=\box69
\pgfnodepartseventeenbox=\box70
\pgfnodepartsixteenbox=\box71
\pgfnodepartfifteenbox=\box72
\pgfnodepartfourteenbox=\box73
\pgfnodepartthirteenbox=\box74
\pgfnodeparttwelvebox=\box75
\pgfnodepartelevenbox=\box76
\pgfnodeparttenbox=\box77
\pgfnodepartninebox=\box78
\pgfnodeparteightbox=\box79
\pgfnodepartsevenbox=\box80
\pgfnodepartsixbox=\box81
\pgfnodepartfivebox=\box82
)))
(A:\OneDrive\Programs\Windows\Office\miktex\texmfs\install\tex/generic/pgf/fron
tendlayer/tikz/libraries\tikzlibraryarrows.code.tex
File: tikzlibraryarrows.code.tex 2021/05/15 v3.1.9a (3.1.9a)

(A:\OneDrive\Programs\Windows\Office\miktex\texmfs\install\tex/generic/pgf/libr
aries\pgflibraryarrows.code.tex
File: pgflibraryarrows.code.tex 2021/05/15 v3.1.9a (3.1.9a)
\arrowsize=\dimen191
))
(A:\OneDrive\Programs\Windows\Office\miktex\texmfs\install\tex/generic/pgf/fron
tendlayer/tikz/libraries\tikzlibrarypositioning.code.tex
File: tikzlibrarypositioning.code.tex 2021/05/15 v3.1.9a (3.1.9a)
)
(A:\OneDrive\Programs\Windows\Office\miktex\texmfs\install\tex/latex/tools\verb
atim.sty
Package: verbatim 2020-07-07 v1.5u LaTeX2e package for verbatim enhancements
\every@verbatim=\toks33
\verbatim@line=\toks34
\verbatim@in@stream=\read3
)
(A:\OneDrive\Programs\Windows\Office\miktex\texmfs\install\tex/generic/pgf/fron
tendlayer/tikz/libraries\tikzlibraryautomata.code.tex
File: tikzlibraryautomata.code.tex 2021/05/15 v3.1.9a (3.1.9a)
)
(A:\OneDrive\Programs\Windows\Office\miktex\texmfs\install\tex/generic/pgf/fron
tendlayer/tikz/libraries\tikzlibrarycalc.code.tex
File: tikzlibrarycalc.code.tex 2021/05/15 v3.1.9a (3.1.9a)
)
(A:\OneDrive\Programs\Windows\Office\miktex\texmfs\install\tex/generic/pgf/fron
tendlayer/tikz/libraries\tikzlibrary3d.code.tex
File: tikzlibrary3d.code.tex 2021/05/15 v3.1.9a (3.1.9a)
)
(A:\OneDrive\Programs\Windows\Office\miktex\texmfs\install\tex/generic/pgf/fron
tendlayer/tikz/libraries\tikzlibrarydecorations.pathreplacing.code.tex
(A:\OneDrive\Programs\Windows\Office\miktex\texmfs\install\tex/generic/pgf/fron
tendlayer/tikz/libraries\tikzlibrarydecorations.code.tex
(A:\OneDrive\Programs\Windows\Office\miktex\texmfs\install\tex/generic/pgf/modu
les\pgfmoduledecorations.code.tex
\pgfdecoratedcompleteddistance=\dimen192
\pgfdecoratedremainingdistance=\dimen193
\pgfdecoratedinputsegmentcompleteddistance=\dimen194
\pgfdecoratedinputsegmentremainingdistance=\dimen195
\pgf@decorate@distancetomove=\dimen196
\pgf@decorate@repeatstate=\count281
\pgfdecorationsegmentamplitude=\dimen197
\pgfdecorationsegmentlength=\dimen198
)
\tikz@lib@dec@box=\box83
)
(A:\OneDrive\Programs\Windows\Office\miktex\texmfs\install\tex/generic/pgf/libr
aries/decorations\pgflibrarydecorations.pathreplacing.code.tex))
(A:\OneDrive\Programs\Windows\Office\miktex\texmfs\install\tex/generic/pgf/fron
tendlayer/tikz/libraries\tikzlibrarydecorations.pathmorphing.code.tex
(A:\OneDrive\Programs\Windows\Office\miktex\texmfs\install\tex/generic/pgf/libr
aries/decorations\pgflibrarydecorations.pathmorphing.code.tex))
(A:\OneDrive\Programs\Windows\Office\miktex\texmfs\install\tex/generic/pgf/fron
tendlayer/tikz/libraries\tikzlibrarypatterns.code.tex
File: tikzlibrarypatterns.code.tex 2021/05/15 v3.1.9a (3.1.9a)

(A:\OneDrive\Programs\Windows\Office\miktex\texmfs\install\tex/generic/pgf/libr
aries\pgflibrarypatterns.code.tex
File: pgflibrarypatterns.code.tex 2021/05/15 v3.1.9a (3.1.9a)
)))
(A:\OneDrive\Programs\Windows\Office\miktex\texmfs\install\tex/latex/l3backend\
l3backend-pdftex.def
File: l3backend-pdftex.def 2021-05-07 L3 backend support: PDF output (pdfTeX)
\l__color_backend_stack_int=\count282
\l__pdf_internal_box=\box84
) (frame-01.aux)
\openout1 = `frame-01.aux'.

LaTeX Font Info:    Checking defaults for OML/cmm/m/it on input line 3.
LaTeX Font Info:    ... okay on input line 3.
LaTeX Font Info:    Checking defaults for OMS/cmsy/m/n on input line 3.
LaTeX Font Info:    ... okay on input line 3.
LaTeX Font Info:    Checking defaults for OT1/cmr/m/n on input line 3.
LaTeX Font Info:    ... okay on input line 3.
LaTeX Font Info:    Checking defaults for T1/cmr/m/n on input line 3.
LaTeX Font Info:    ... okay on input line 3.
LaTeX Font Info:    Checking defaults for TS1/cmr/m/n on input line 3.
LaTeX Font Info:    ... okay on input line 3.
LaTeX Font Info:    Checking defaults for OMX/cmex/m/n on input line 3.
LaTeX Font Info:    ... okay on input line 3.
LaTeX Font Info:    Checking defaults for U/cmr/m/n on input line 3.
LaTeX Font Info:    ... okay on input line 3.
Package scrbase Info: activating english \abstractname on input line 3.
Package scrbase Info: activating english \partname on input line 3.
Package scrbase Info: activating english \chaptername on input line 3.
Package scrbase Info: activating english \appendixname on input line 3.
Package scrbase Info: activating english \figurename on input line 3.
Package scrbase Info: activating english \tablename on input line 3.
Package scrbase Info: activating english \contentsname on input line 3.
Package scrbase Info: activating english \listfigurename on input line 3.
Package scrbase Info: activating english \listtablename on input line 3.
Package scrbase Info: activating english \bibname on input line 3.
Package scrbase Info: activating english \indexname on input line 3.

(A:\OneDrive\Programs\Windows\Office\miktex\texmfs\install\tex/context/base/mki
i\supp-pdf.mkii
[Loading MPS to PDF converter (version 2006.09.02).]
\scratchcounter=\count283
\scratchdimen=\dimen199
\scratchbox=\box85
\nofMPsegments=\count284
\nofMParguments=\count285
\everyMPshowfont=\toks35
\MPscratchCnt=\count286
\MPscratchDim=\dimen256
\MPnumerator=\count287
\makeMPintoPDFobject=\count288
\everyMPtoPDFconversion=\toks36
)
(A:\OneDrive\Programs\Windows\Office\miktex\texmfs\install\tex/latex/epstopdf-p
kg\epstopdf-base.sty
Package: epstopdf-base 2020-01-24 v2.11 Base part for package epstopdf
Package epstopdf-base Info: Redefining graphics rule for `.eps' on input line 4
85.

(A:\OneDrive\Programs\Windows\Office\miktex\texmfs\install\tex/latex/00miktex\e
pstopdf-sys.cfg
File: epstopdf-sys.cfg 2021/03/18 v2.0 Configuration of epstopdf for MiKTeX
))
Missing character: There is no ; in font nullfont!
Missing character: There is no ; in font nullfont!
Missing character: There is no ; in font nullfont!
Missing character: There is no ; in font nullfont!
Missing character: There is no ; in font nullfont!
Missing character: There is no ; in font nullfont!
Missing character: There is no ; in font nullfont!
Missing character: There is no ; in font nullfont!
Missing character: There is no ; in font nullfont!
Missing character: There is no ; in font nullfont!
Missing character: There is no ; in font nullfont!
Missing character: There is no ; in font nullfont!
Missing character: There is no ; in font nullfont!
Missing character: There is no ; in font nullfont!
LaTeX Font Info:    External font `cmex10' loaded for size
(Font)              <10.95> on input line 22.
LaTeX Font Info:    External font `cmex10' loaded for size
(Font)              <8> on input line 22.
LaTeX Font Info:    External font `cmex10' loaded for size
(Font)              <6> on input line 22.
Missing character: There is no ; in font nullfont!
Missing character: There is no ; in font nullfont!
Missing character: There is no ; in font nullfont!
Missing character: There is no ; in font nullfont!
Missing character: There is no ; in font nullfont!
Missing character: There is no ; in font nullfont!
Missing character: There is no ; in font nullfont!
Missing character: There is no ; in font nullfont!
Missing character: There is no ; in font nullfont!
 [1

{A:/OneDrive/Programs/Windows/Office/miktex/texmfs/data/pdftex/config/pdftex.ma
p}] (frame-01.aux) ) 
Here is how much of TeX's memory you used:
 18556 strings out of 478864
 428175 string characters out of 2842480
 879712 words of memory out of 3000000
 36178 multiletter control sequences out of 15000+600000
 406169 words of font info for 36 fonts, out of 8000000 for 9000
 1141 hyphenation exceptions out of 8191
 125i,7n,122p,10624b,841s stack positions out of 5000i,500n,10000p,200000b,80000s
<A:/OneDrive/Programs/Windows/Office/miktex/texmfs/install/
fonts/type1/public/amsfonts/cm/cmmi10.pfb><A:/OneDrive/Programs/Windows/Office/
miktex/texmfs/install/fonts/type1/public/amsfonts/cm/cmr10.pfb><A:/OneDrive/Pro
grams/Windows/Office/miktex/texmfs/install/fonts/type1/public/amsfonts/cm/cmsy1
0.pfb>
Output written on frame-01.pdf (1 page, 31086 bytes).
PDF statistics:
 24 PDF objects out of 1000 (max. 8388607)
 0 named destinations out of 1000 (max. 500000)
 13 words of extra memory for PDF output out of 10000 (max. 10000000)

